<?xml version="1.0" encoding="UTF-8"?>
<testng-results skipped="0" failed="0" total="1" passed="1">
  <reporter-output>
  </reporter-output>
  <suite name="Default suite" duration-ms="69038" started-at="2018-04-03T10:59:12Z" finished-at="2018-04-03T11:00:21Z">
    <groups>
    </groups>
    <test name="Default test" duration-ms="69038" started-at="2018-04-03T10:59:12Z" finished-at="2018-04-03T11:00:21Z">
      <class name="com.pwc.spark.regression.SparkGroup">
        <test-method status="PASS" signature="setup()[pri:0, instance:com.pwc.spark.regression.SparkGroup@c7da1e]" name="setup" is-config="true" duration-ms="34452" started-at="2018-04-03T16:29:12Z" finished-at="2018-04-03T16:29:47Z">
          <reporter-output>
          </reporter-output>
        </test-method> <!-- setup -->
        <test-method status="PASS" signature="myChromeTest()[pri:0, instance:com.pwc.spark.regression.SparkGroup@c7da1e]" name="myChromeTest" duration-ms="34575" started-at="2018-04-03T16:29:47Z" finished-at="2018-04-03T16:30:21Z">
          <reporter-output>
          </reporter-output>
        </test-method> <!-- myChromeTest -->
      </class> <!-- com.pwc.spark.regression.SparkGroup -->
    </test> <!-- Default test -->
  </suite> <!-- Default suite -->
</testng-results>
